2013-08-15 22:41:31,120 [main] INFO  c.n.h.c.p.n.NettyAsyncHttpProvider - Number of application's worked threads is 4
2013-08-15 22:41:31,686 [pool-6-thread-1] INFO  c.n.h.c.p.n.NettyAsyncHttpProvider - Number of application's worked threads is 4
2013-08-15 22:41:31,753 [main] ERROR o.e.r.i.r.repo.ModelRepositoryIndex - Failed to open search index.
org.apache.lucene.index.IndexNotFoundException: no segments* file found in org.apache.lucene.store.NIOFSDirectory@/Java Folder/src/.metadata/.plugins/org.eclipse.recommenders.rcp/index lockFactory=org.apache.lucene.store.NativeFSLockFactory@5d18e4ab: files: []
	at org.apache.lucene.index.SegmentInfos$FindSegmentsFile.run(SegmentInfos.java:712) ~[org.apache.lucene.core_3.5.0.v20120319-2345.jar:3.5.0 1204988 - simon - 2011-11-22 14:46:51]
	at org.apache.lucene.index.DirectoryReader.open(DirectoryReader.java:75) ~[org.apache.lucene.core_3.5.0.v20120319-2345.jar:3.5.0 1204988 - simon - 2011-11-22 14:46:51]
	at org.apache.lucene.index.IndexReader.open(IndexReader.java:462) ~[org.apache.lucene.core_3.5.0.v20120319-2345.jar:3.5.0 1204988 - simon - 2011-11-22 14:46:51]
	at org.apache.lucene.index.IndexReader.open(IndexReader.java:308) ~[org.apache.lucene.core_3.5.0.v20120319-2345.jar:3.5.0 1204988 - simon - 2011-11-22 14:46:51]
	at org.eclipse.recommenders.internal.rcp.repo.ModelRepositoryIndex.open(ModelRepositoryIndex.java:64) ~[org.eclipse.recommenders.rcp_1.0.0.v20120612-2305-b156.jar:na]
	at org.eclipse.recommenders.internal.rcp.wiring.RecommendersModule$ServicesInitializer.<init>(RecommendersModule.java:353) [org.eclipse.recommenders.rcp_1.0.0.v20120612-2305-b156.jar:na]
	at sun.reflect.NativeConstructorAccessorImpl.newInstance0(Native Method) [na:1.6.0_26]
	at sun.reflect.NativeConstructorAccessorImpl.newInstance(NativeConstructorAccessorImpl.java:39) [na:1.6.0_26]
	at sun.reflect.DelegatingConstructorAccessorImpl.newInstance(DelegatingConstructorAccessorImpl.java:27) [na:1.6.0_26]
	at java.lang.reflect.Constructor.newInstance(Constructor.java:513) [na:1.6.0_26]
	at com.google.inject.internal.DefaultConstructionProxyFactory$1.newInstance(DefaultConstructionProxyFactory.java:85) [com.google.inject_3.0.0.v201203062045.jar:na]
	at com.google.inject.internal.ConstructorInjector.construct(ConstructorInjector.java:85) [com.google.inject_3.0.0.v201203062045.jar:na]
	at com.google.inject.internal.ConstructorBindingImpl$Factory.get(ConstructorBindingImpl.java:254) [com.google.inject_3.0.0.v201203062045.jar:na]
	at com.google.inject.internal.ProviderToInternalFactoryAdapter$1.call(ProviderToInternalFactoryAdapter.java:46) [com.google.inject_3.0.0.v201203062045.jar:na]
	at com.google.inject.internal.InjectorImpl.callInContext(InjectorImpl.java:1031) [com.google.inject_3.0.0.v201203062045.jar:na]
	at com.google.inject.internal.ProviderToInternalFactoryAdapter.get(ProviderToInternalFactoryAdapter.java:40) [com.google.inject_3.0.0.v201203062045.jar:na]
	at com.google.inject.Scopes$1$1.get(Scopes.java:65) [com.google.inject_3.0.0.v201203062045.jar:na]
	at com.google.inject.internal.InternalFactoryToProviderAdapter.get(InternalFactoryToProviderAdapter.java:40) [com.google.inject_3.0.0.v201203062045.jar:na]
	at com.google.inject.internal.InternalInjectorCreator$1.call(InternalInjectorCreator.java:204) [com.google.inject_3.0.0.v201203062045.jar:na]
	at com.google.inject.internal.InternalInjectorCreator$1.call(InternalInjectorCreator.java:198) [com.google.inject_3.0.0.v201203062045.jar:na]
	at com.google.inject.internal.InjectorImpl.callInContext(InjectorImpl.java:1024) [com.google.inject_3.0.0.v201203062045.jar:na]
	at com.google.inject.internal.InternalInjectorCreator.loadEagerSingletons(InternalInjectorCreator.java:198) [com.google.inject_3.0.0.v201203062045.jar:na]
	at com.google.inject.internal.InternalInjectorCreator.injectDynamically(InternalInjectorCreator.java:179) [com.google.inject_3.0.0.v201203062045.jar:na]
	at com.google.inject.internal.InternalInjectorCreator.build(InternalInjectorCreator.java:109) [com.google.inject_3.0.0.v201203062045.jar:na]
	at com.google.inject.Guice.createInjector(Guice.java:95) [com.google.inject_3.0.0.v201203062045.jar:na]
	at com.google.inject.Guice.createInjector(Guice.java:72) [com.google.inject_3.0.0.v201203062045.jar:na]
	at org.eclipse.recommenders.injection.InjectionService.getInjector(InjectionService.java:47) [org.eclipse.recommenders.injection_1.0.0.v20120612-2305-b156.jar:na]
	at org.eclipse.recommenders.injection.ExtensionFactory.<init>(ExtensionFactory.java:28) [org.eclipse.recommenders.injection_1.0.0.v20120612-2305-b156.jar:na]
	at sun.reflect.NativeConstructorAccessorImpl.newInstance0(Native Method) [na:1.6.0_26]
	at sun.reflect.NativeConstructorAccessorImpl.newInstance(NativeConstructorAccessorImpl.java:39) [na:1.6.0_26]
	at sun.reflect.DelegatingConstructorAccessorImpl.newInstance(DelegatingConstructorAccessorImpl.java:27) [na:1.6.0_26]
	at java.lang.reflect.Constructor.newInstance(Constructor.java:513) [na:1.6.0_26]
	at java.lang.Class.newInstance0(Class.java:355) [na:1.6.0_26]
	at java.lang.Class.newInstance(Class.java:308) [na:1.6.0_26]
	at org.eclipse.core.internal.registry.osgi.RegistryStrategyOSGI.createExecutableExtension(RegistryStrategyOSGI.java:184) [org.eclipse.equinox.registry_3.5.200.v20120522-1841.jar:na]
	at org.eclipse.core.internal.registry.ExtensionRegistry.createExecutableExtension(ExtensionRegistry.java:905) [org.eclipse.equinox.registry_3.5.200.v20120522-1841.jar:na]
	at org.eclipse.core.internal.registry.ConfigurationElement.createExecutableExtension(ConfigurationElement.java:243) [org.eclipse.equinox.registry_3.5.200.v20120522-1841.jar:na]
	at org.eclipse.core.internal.registry.ConfigurationElementHandle.createExecutableExtension(ConfigurationElementHandle.java:55) [org.eclipse.equinox.registry_3.5.200.v20120522-1841.jar:na]
	at org.eclipse.jdt.internal.ui.text.java.CompletionProposalComputerDescriptor.createComputer(CompletionProposalComputerDescriptor.java:308) [org.eclipse.jdt.ui_3.8.0.v20120524-1551.jar:na]
	at org.eclipse.jdt.internal.ui.text.java.CompletionProposalComputerDescriptor.getComputer(CompletionProposalComputerDescriptor.java:275) [org.eclipse.jdt.ui_3.8.0.v20120524-1551.jar:na]
	at org.eclipse.jdt.internal.ui.text.java.CompletionProposalComputerDescriptor.sessionStarted(CompletionProposalComputerDescriptor.java:418) [org.eclipse.jdt.ui_3.8.0.v20120524-1551.jar:na]
	at org.eclipse.jdt.internal.ui.text.java.CompletionProposalCategory.sessionStarted(CompletionProposalCategory.java:379) [org.eclipse.jdt.ui_3.8.0.v20120524-1551.jar:na]
	at org.eclipse.jdt.internal.ui.text.java.ContentAssistProcessor$CompletionListener.assistSessionStarted(ContentAssistProcessor.java:117) [org.eclipse.jdt.ui_3.8.0.v20120524-1551.jar:na]
	at org.eclipse.jface.text.contentassist.ContentAssistant.fireSessionBeginEvent(ContentAssistant.java:2221) [org.eclipse.jface.text_3.8.0.v20120531-0600.jar:na]
	at org.eclipse.jface.text.contentassist.ContentAssistant.prepareToShowCompletions(ContentAssistant.java:1696) [org.eclipse.jface.text_3.8.0.v20120531-0600.jar:na]
	at org.eclipse.jface.text.contentassist.ContentAssistant.access$6(ContentAssistant.java:1687) [org.eclipse.jface.text_3.8.0.v20120531-0600.jar:na]
	at org.eclipse.jface.text.contentassist.ContentAssistant$2.run(ContentAssistant.java:376) [org.eclipse.jface.text_3.8.0.v20120531-0600.jar:na]
	at org.eclipse.swt.widgets.RunnableLock.run(RunnableLock.java:35) [org.eclipse.swt.cocoa.macosx.x86_64_3.100.0.v4233d.jar:na]
	at org.eclipse.swt.widgets.Synchronizer.runAsyncMessages(Synchronizer.java:135) [org.eclipse.swt.cocoa.macosx.x86_64_3.100.0.v4233d.jar:na]
	at org.eclipse.swt.widgets.Display.runAsyncMessages(Display.java:3944) [org.eclipse.swt.cocoa.macosx.x86_64_3.100.0.v4233d.jar:na]
	at org.eclipse.swt.widgets.Display.readAndDispatch(Display.java:3621) [org.eclipse.swt.cocoa.macosx.x86_64_3.100.0.v4233d.jar:na]
	at org.eclipse.e4.ui.internal.workbench.swt.PartRenderingEngine$9.run(PartRenderingEngine.java:1022) [org.eclipse.e4.ui.workbench.swt_0.10.1.v20120525-2014.jar:na]
	at org.eclipse.core.databinding.observable.Realm.runWithDefault(Realm.java:332) [org.eclipse.core.databinding.observable_1.4.1.v20120521-2329.jar:na]
	at org.eclipse.e4.ui.internal.workbench.swt.PartRenderingEngine.run(PartRenderingEngine.java:916) [org.eclipse.e4.ui.workbench.swt_0.10.1.v20120525-2014.jar:na]
	at org.eclipse.e4.ui.internal.workbench.E4Workbench.createAndRunUI(E4Workbench.java:86) [org.eclipse.e4.ui.workbench_0.10.2.v20120531-1742.jar:na]
	at org.eclipse.ui.internal.Workbench$5.run(Workbench.java:585) [org.eclipse.ui.workbench_3.103.0.v20120530-1824.jar:na]
	at org.eclipse.core.databinding.observable.Realm.runWithDefault(Realm.java:332) [org.eclipse.core.databinding.observable_1.4.1.v20120521-2329.jar:na]
	at org.eclipse.ui.internal.Workbench.createAndRunWorkbench(Workbench.java:540) [org.eclipse.ui.workbench_3.103.0.v20120530-1824.jar:na]
	at org.eclipse.ui.PlatformUI.createAndRunWorkbench(PlatformUI.java:149) [org.eclipse.ui.workbench_3.103.0.v20120530-1824.jar:na]
	at org.eclipse.ui.internal.ide.application.IDEApplication.start(IDEApplication.java:124) [org.eclipse.ui.ide.application_1.0.400.v20120523-1955.jar:na]
	at org.eclipse.equinox.internal.app.EclipseAppHandle.run(EclipseAppHandle.java:196) [org.eclipse.equinox.app_1.3.100.v20120522-1841.jar:na]
	at org.eclipse.core.runtime.internal.adaptor.EclipseAppLauncher.runApplication(EclipseAppLauncher.java:110) [org.eclipse.osgi_3.8.0.v20120529-1548.jar:na]
	at org.eclipse.core.runtime.internal.adaptor.EclipseAppLauncher.start(EclipseAppLauncher.java:79) [org.eclipse.osgi_3.8.0.v20120529-1548.jar:na]
	at org.eclipse.core.runtime.adaptor.EclipseStarter.run(EclipseStarter.java:353) [org.eclipse.osgi_3.8.0.v20120529-1548.jar:na]
	at org.eclipse.core.runtime.adaptor.EclipseStarter.run(EclipseStarter.java:180) [org.eclipse.osgi_3.8.0.v20120529-1548.jar:na]
	at sun.reflect.NativeMethodAccessorImpl.invoke0(Native Method) ~[na:1.6.0_26]
	at sun.reflect.NativeMethodAccessorImpl.invoke(NativeMethodAccessorImpl.java:39) ~[na:1.6.0_26]
	at sun.reflect.DelegatingMethodAccessorImpl.invoke(DelegatingMethodAccessorImpl.java:25) ~[na:1.6.0_26]
	at java.lang.reflect.Method.invoke(Method.java:597) ~[na:1.6.0_26]
	at org.eclipse.equinox.launcher.Main.invokeFramework(Main.java:629) [org.eclipse.equinox.launcher_1.3.0.v20120522-1813.jar:na]
	at org.eclipse.equinox.launcher.Main.basicRun(Main.java:584) [org.eclipse.equinox.launcher_1.3.0.v20120522-1813.jar:na]
	at org.eclipse.equinox.launcher.Main.run(Main.java:1438) [org.eclipse.equinox.launcher_1.3.0.v20120522-1813.jar:na]
2013-08-15 22:41:34,255 [pool-8-thread-1] INFO  c.n.h.c.p.n.NettyAsyncHttpProvider - Number of application's worked threads is 4
2013-08-15 22:58:58,353 [pool-10-thread-1] INFO  c.n.h.c.p.n.NettyAsyncHttpProvider - Number of application's worked threads is 4
2013-08-15 22:58:58,822 [pool-12-thread-1] INFO  c.n.h.c.p.n.NettyAsyncHttpProvider - Number of application's worked threads is 4
2013-08-15 22:59:00,153 [pool-14-thread-1] INFO  c.n.h.c.p.n.NettyAsyncHttpProvider - Number of application's worked threads is 4
2013-08-17 18:44:47,045 [main] INFO  c.n.h.c.p.n.NettyAsyncHttpProvider - Number of application's worked threads is 4
2013-08-17 18:44:50,480 [pool-6-thread-1] INFO  c.n.h.c.p.n.NettyAsyncHttpProvider - Number of application's worked threads is 4
2013-08-22 19:33:36,655 [main] INFO  c.n.h.c.p.n.NettyAsyncHttpProvider - Number of application's worked threads is 4
2013-08-22 19:34:38,946 [Worker-3] WARN  o.e.r.i.rcp.repo.ModelRepository - 'remote-models (http://download.eclipse.org/recommenders/models/juno/, releases+snapshots)' did not send ETAG header for 'org.eclipse.recommenders:index:zip:0.0.0'.
2013-08-22 19:34:39,222 [pool-6-thread-1] INFO  c.n.h.c.p.n.NettyAsyncHttpProvider - Number of application's worked threads is 4
2013-08-22 19:35:39,392 [Worker-3] WARN  o.e.r.i.rcp.repo.ModelRepository - 'remote-models (http://download.eclipse.org/recommenders/models/juno/, releases+snapshots)' did not send ETAG header for 'org.eclipse.recommenders:index:zip:0.0.0'.
2013-08-22 19:36:37,488 [pool-8-thread-1] INFO  c.n.h.c.p.n.NettyAsyncHttpProvider - Number of application's worked threads is 4
2013-08-22 19:37:40,768 [Worker-8] WARN  o.e.r.i.rcp.repo.ModelRepository - 'remote-models (http://download.eclipse.org/recommenders/models/juno/, releases+snapshots)' did not send ETAG header for 'jre:jre:zip:call:1.0.0'.
2013-09-06 20:03:34,162 [main] INFO  c.n.h.c.p.n.NettyAsyncHttpProvider - Number of application's worked threads is 4
2013-09-06 20:03:38,214 [pool-6-thread-1] INFO  c.n.h.c.p.n.NettyAsyncHttpProvider - Number of application's worked threads is 4
2013-09-06 20:06:32,775 [pool-8-thread-1] INFO  c.n.h.c.p.n.NettyAsyncHttpProvider - Number of application's worked threads is 4
2013-09-16 07:53:20,937 [main] INFO  c.n.h.c.p.n.NettyAsyncHttpProvider - Number of application's worked threads is 4
2013-09-16 07:53:22,743 [Worker-41] WARN  o.e.r.i.rcp.repo.ModelRepository - 'remote-models (http://download.eclipse.org/recommenders/models/juno/, releases+snapshots)' did not send ETAG header for 'org.eclipse.recommenders:index:zip:0.0.0'.
2013-09-16 07:53:24,384 [pool-6-thread-1] INFO  c.n.h.c.p.n.NettyAsyncHttpProvider - Number of application's worked threads is 4
2013-09-16 07:53:24,518 [Worker-41] WARN  o.e.r.i.rcp.repo.ModelRepository - 'remote-models (http://download.eclipse.org/recommenders/models/juno/, releases+snapshots)' did not send ETAG header for 'org.eclipse.recommenders:index:zip:0.0.0'.
2013-09-17 12:55:29,940 [pool-8-thread-1] INFO  c.n.h.c.p.n.NettyAsyncHttpProvider - Number of application's worked threads is 4
2013-09-19 12:09:07,995 [main] INFO  c.n.h.c.p.n.NettyAsyncHttpProvider - Number of application's worked threads is 4
2013-09-19 12:09:10,614 [pool-6-thread-1] INFO  c.n.h.c.p.n.NettyAsyncHttpProvider - Number of application's worked threads is 4
2013-09-19 12:09:11,848 [pool-8-thread-1] INFO  c.n.h.c.p.n.NettyAsyncHttpProvider - Number of application's worked threads is 4
2014-02-07 20:09:17,591 [main] INFO  c.n.h.c.p.n.NettyAsyncHttpProvider - Number of application's worked threads is 4
2014-02-07 20:09:21,614 [pool-6-thread-1] INFO  c.n.h.c.p.n.NettyAsyncHttpProvider - Number of application's worked threads is 4
2014-02-27 22:26:07,347 [main] INFO  c.n.h.c.p.n.NettyAsyncHttpProvider - Number of application's worked threads is 4
2014-02-27 22:26:11,336 [pool-6-thread-1] INFO  c.n.h.c.p.n.NettyAsyncHttpProvider - Number of application's worked threads is 4
2014-03-04 07:47:38,338 [main] INFO  c.n.h.c.p.n.NettyAsyncHttpProvider - Number of application's worked threads is 4
2014-03-04 07:47:39,164 [Worker-4] WARN  o.e.r.i.rcp.repo.ModelRepository - 'remote-models (http://download.eclipse.org/recommenders/models/juno/, releases+snapshots)' did not send ETAG header for 'org.eclipse.recommenders:index:zip:0.0.0'.
2014-03-04 07:47:40,082 [pool-6-thread-1] INFO  c.n.h.c.p.n.NettyAsyncHttpProvider - Number of application's worked threads is 4
2014-03-04 07:47:40,142 [Worker-4] WARN  o.e.r.i.rcp.repo.ModelRepository - 'remote-models (http://download.eclipse.org/recommenders/models/juno/, releases+snapshots)' did not send ETAG header for 'org.eclipse.recommenders:index:zip:0.0.0'.
2014-03-17 09:04:17,332 [main] INFO  c.n.h.c.p.n.NettyAsyncHttpProvider - Number of application's worked threads is 4
2014-03-17 09:04:20,144 [pool-6-thread-1] INFO  c.n.h.c.p.n.NettyAsyncHttpProvider - Number of application's worked threads is 4
2015-01-02 11:41:12,028 [main] INFO  c.n.h.c.p.n.NettyAsyncHttpProvider - Number of application's worked threads is 4
2015-01-02 11:41:13,423 [Worker-10] WARN  o.e.r.i.rcp.repo.ModelRepository - 'remote-models (http://download.eclipse.org/recommenders/models/juno/, releases+snapshots)' did not send ETAG header for 'org.eclipse.recommenders:index:zip:0.0.0'.
2015-01-02 11:41:14,231 [pool-6-thread-1] INFO  c.n.h.c.p.n.NettyAsyncHttpProvider - Number of application's worked threads is 4
2015-01-02 11:41:14,295 [Worker-10] WARN  o.e.r.i.rcp.repo.ModelRepository - 'remote-models (http://download.eclipse.org/recommenders/models/juno/, releases+snapshots)' did not send ETAG header for 'org.eclipse.recommenders:index:zip:0.0.0'.
2015-05-11 14:37:23,931 [main] INFO  c.n.h.c.p.n.NettyAsyncHttpProvider - Number of application's worked threads is 4
2015-05-11 14:37:54,843 [Worker-6] WARN  o.e.r.i.rcp.repo.ModelRepository - 'remote-models (http://download.eclipse.org/recommenders/models/juno/, releases+snapshots)' did not send ETAG header for 'org.eclipse.recommenders:index:zip:0.0.0'.
2015-05-12 17:58:40,266 [main] INFO  c.n.h.c.p.n.NettyAsyncHttpProvider - Number of application's worked threads is 4
2015-05-12 17:58:41,212 [Worker-9] WARN  o.e.r.i.rcp.repo.ModelRepository - 'remote-models (http://download.eclipse.org/recommenders/models/juno/, releases+snapshots)' did not send ETAG header for 'org.eclipse.recommenders:index:zip:0.0.0'.
2015-05-14 10:53:56,341 [main] INFO  c.n.h.c.p.n.NettyAsyncHttpProvider - Number of application's worked threads is 4
2015-05-14 10:54:27,326 [Worker-6] WARN  o.e.r.i.rcp.repo.ModelRepository - 'remote-models (http://download.eclipse.org/recommenders/models/juno/, releases+snapshots)' did not send ETAG header for 'org.eclipse.recommenders:index:zip:0.0.0'.
2015-05-14 14:18:52,122 [main] INFO  c.n.h.c.p.n.NettyAsyncHttpProvider - Number of application's worked threads is 4
2015-05-14 14:19:23,053 [Worker-32] WARN  o.e.r.i.rcp.repo.ModelRepository - 'remote-models (http://download.eclipse.org/recommenders/models/juno/, releases+snapshots)' did not send ETAG header for 'org.eclipse.recommenders:index:zip:0.0.0'.
2015-05-15 20:58:07,679 [main] INFO  c.n.h.c.p.n.NettyAsyncHttpProvider - Number of application's worked threads is 4
2015-05-15 20:58:16,776 [pool-6-thread-1] INFO  c.n.h.c.p.n.NettyAsyncHttpProvider - Number of application's worked threads is 4
2015-05-16 07:54:09,503 [main] INFO  c.n.h.c.p.n.NettyAsyncHttpProvider - Number of application's worked threads is 4
2015-05-19 10:33:55,352 [main] INFO  c.n.h.c.p.n.NettyAsyncHttpProvider - Number of application's worked threads is 4
2015-05-21 12:50:56,197 [main] INFO  c.n.h.c.p.n.NettyAsyncHttpProvider - Number of application's worked threads is 4
2015-05-21 18:32:13,604 [main] INFO  c.n.h.c.p.n.NettyAsyncHttpProvider - Number of application's worked threads is 4
2015-05-21 18:32:14,653 [Worker-11] WARN  o.e.r.i.rcp.repo.ModelRepository - 'remote-models (http://download.eclipse.org/recommenders/models/juno/, releases+snapshots)' did not send ETAG header for 'org.eclipse.recommenders:index:zip:0.0.0'.
2015-05-21 18:32:16,074 [pool-6-thread-1] INFO  c.n.h.c.p.n.NettyAsyncHttpProvider - Number of application's worked threads is 4
2015-05-21 18:32:16,194 [Worker-11] WARN  o.e.r.i.rcp.repo.ModelRepository - 'remote-models (http://download.eclipse.org/recommenders/models/juno/, releases+snapshots)' did not send ETAG header for 'org.eclipse.recommenders:index:zip:0.0.0'.
2015-05-22 15:29:25,377 [main] INFO  c.n.h.c.p.n.NettyAsyncHttpProvider - Number of application's worked threads is 4
2015-05-22 15:29:56,274 [Worker-7] WARN  o.e.r.i.rcp.repo.ModelRepository - 'remote-models (http://download.eclipse.org/recommenders/models/juno/, releases+snapshots)' did not send ETAG header for 'org.eclipse.recommenders:index:zip:0.0.0'.
2015-06-03 09:30:52,038 [main] INFO  c.n.h.c.p.n.NettyAsyncHttpProvider - Number of application's worked threads is 4
2015-06-03 09:31:22,855 [Worker-0] WARN  o.e.r.i.rcp.repo.ModelRepository - 'remote-models (http://download.eclipse.org/recommenders/models/juno/, releases+snapshots)' did not send ETAG header for 'org.eclipse.recommenders:index:zip:0.0.0'.
2015-06-03 21:49:30,134 [main] INFO  c.n.h.c.p.n.NettyAsyncHttpProvider - Number of application's worked threads is 4
2015-06-03 21:50:01,053 [Worker-1] WARN  o.e.r.i.rcp.repo.ModelRepository - 'remote-models (http://download.eclipse.org/recommenders/models/juno/, releases+snapshots)' did not send ETAG header for 'org.eclipse.recommenders:index:zip:0.0.0'.
2015-06-04 16:54:39,403 [main] INFO  c.n.h.c.p.n.NettyAsyncHttpProvider - Number of application's worked threads is 4
2015-06-04 16:55:10,614 [Worker-1] WARN  o.e.r.i.rcp.repo.ModelRepository - 'remote-models (http://download.eclipse.org/recommenders/models/juno/, releases+snapshots)' did not send ETAG header for 'org.eclipse.recommenders:index:zip:0.0.0'.
2015-06-05 19:06:13,999 [main] INFO  c.n.h.c.p.n.NettyAsyncHttpProvider - Number of application's worked threads is 4
2015-06-05 19:06:45,192 [Worker-4] WARN  o.e.r.i.rcp.repo.ModelRepository - 'remote-models (http://download.eclipse.org/recommenders/models/juno/, releases+snapshots)' did not send ETAG header for 'org.eclipse.recommenders:index:zip:0.0.0'.
2016-04-03 11:08:34,168 [Start Help Server] INFO  org.eclipse.jetty.util.log - Logging initialized @6199460ms
2016-04-03 11:08:34,292 [Start Help Server] INFO  org.eclipse.jetty.server.Server - jetty-9.2.9.v20150224
2016-04-03 11:08:34,340 [Start Help Server] INFO  o.e.j.server.handler.ContextHandler - Started o.e.j.s.ServletContextHandler@7e64ce0e{/help,null,AVAILABLE}
2016-04-03 11:08:34,351 [Start Help Server] INFO  o.e.jetty.server.ServerConnector - Started ServerConnector@1c2ec3d5{HTTP/1.1}{127.0.0.1:54372}
2016-04-03 11:08:34,351 [Start Help Server] INFO  org.eclipse.jetty.server.Server - Started @6199648ms
2016-04-07 21:06:15,776 [Start Help Server] INFO  org.eclipse.jetty.util.log - Logging initialized @4218458ms
2016-04-07 21:06:15,902 [Start Help Server] INFO  org.eclipse.jetty.server.Server - jetty-9.2.9.v20150224
2016-04-07 21:06:15,953 [Start Help Server] INFO  o.e.j.server.handler.ContextHandler - Started o.e.j.s.ServletContextHandler@36db7edb{/help,null,AVAILABLE}
2016-04-07 21:06:15,962 [Start Help Server] INFO  o.e.jetty.server.ServerConnector - Started ServerConnector@75bd932{HTTP/1.1}{127.0.0.1:50090}
2016-04-07 21:06:15,962 [Start Help Server] INFO  org.eclipse.jetty.server.Server - Started @4218649ms
2016-04-11 14:32:05,692 [Stop Help Server] INFO  o.e.jetty.server.ServerConnector - Stopped ServerConnector@75bd932{HTTP/1.1}{127.0.0.1:0}
2016-04-11 14:32:05,718 [Stop Help Server] INFO  o.e.j.server.handler.ContextHandler - Stopped o.e.j.s.ServletContextHandler@36db7edb{/help,null,UNAVAILABLE}
